<?xml version="1.0" encoding="UTF-8"?>
<!-- Generated by org.testng.reporters.JUnitReportReporter -->
<testsuite skipped="0" hostname="Akanksha-PC" name="com.practice.testsuite.ProductSearchValidation" tests="3" failures="0" timestamp="18 Aug 2019 15:24:42 GMT" time="89.172" errors="0">
  <testcase name="searchProduct" time="29.227" classname="com.practice.testsuite.ProductSearchValidation"/>
  <testcase name="searchProduct" time="31.041" classname="com.practice.testsuite.ProductSearchValidation"/>
  <testcase name="searchProduct" time="28.904" classname="com.practice.testsuite.ProductSearchValidation"/>
</testsuite> <!-- com.practice.testsuite.ProductSearchValidation -->
